2023-05-03 18:32:04.703664: START Выполнение скрипта запущено.
2023-05-03 18:32:04.730112: INFO Найдено файлов: 3 из 3.
2023-05-03 18:32:04.836853: INFO Файл passport_blacklist_01032021.xlsx для сущности passport_blacklist загружен в stg.
2023-05-03 18:32:04.888186: INFO Файл terminals_01032021.xlsx для сущности terminals загружен в stg.
2023-05-03 18:32:08.766319: INFO Файл transactions_01032021.txt для сущности transactions загружен в stg.
2023-05-03 18:32:08.768902: INFO Файл passport_blacklist переименован и отправлен в архив.
2023-05-03 18:32:08.768951: INFO Файл terminals переименован и отправлен в архив.
2023-05-03 18:32:08.768981: INFO Файл transactions переименован и отправлен в архив.
2023-05-03 18:32:08.816688: INFO Данные из БД bank, таблица cards - загружены, начиная с 1899-01-02.
2023-05-03 18:32:08.850797: INFO Данные из БД bank, таблица cards - загружены в stg_del.
2023-05-03 18:32:08.873632: INFO Данные из БД bank, таблица accounts - загружены, начиная с 1899-01-02.
2023-05-03 18:32:08.894567: INFO Данные из БД bank, таблица accounts - загружены в stg_del.
2023-05-03 18:32:08.910654: INFO Данные из БД bank, таблица clients - загружены, начиная с 1899-01-02.
2023-05-03 18:32:08.924799: INFO Данные из БД bank, таблица clients - загружены в stg_del.
2023-05-03 18:32:08.927927: INFO Данные passport_blacklist загружены из stage в target.
2023-05-03 18:32:08.941865: INFO Данные transactions загружены из stage в target.
2023-05-03 18:32:08.963210: INFO Данные terminals загружены из stage в target.
2023-05-03 18:32:08.973143: INFO Данные cards загружены из stage в target.
2023-05-03 18:32:08.980915: INFO Данные accounts загружены из stage в target.
2023-05-03 18:32:08.989020: INFO Данные clients загружены из stage в target.
2023-05-03 18:32:08.992416: INFO Для сущности passport_blacklist мета-данные обновлены.
2023-05-03 18:32:08.995269: INFO Для сущности terminals мета-данные обновлены.
2023-05-03 18:32:09.004515: INFO Для сущности transactions мета-данные обновлены.
2023-05-03 18:32:09.006464: INFO Для сущности cards мета-данные обновлены.
2023-05-03 18:32:09.009336: INFO Для сущности accounts мета-данные обновлены.
2023-05-03 18:32:09.011784: INFO Для сущности clients мета-данные обновлены.
2023-05-03 18:32:09.029412: INFO В отчет добавлены мошеннические операции типа "1" за 01.03.2021.
2023-05-03 18:32:09.039452: INFO В отчет добавлены мошеннические операции типа "2" за 01.03.2021.
2023-05-03 18:32:09.070897: INFO В отчет добавлены мошеннические операции типа "3" за 01.03.2021.
2023-05-03 18:32:09.114902: INFO В отчет добавлены мошеннические операции типа "4" за 01.03.2021.
2023-05-03 18:32:09.117723: END Выполнение скрипта закончено.
2023-05-03 18:32:27.041703: START Выполнение скрипта запущено.
2023-05-03 18:32:27.065012: INFO Найдено файлов: 3 из 3.
2023-05-03 18:32:27.163653: INFO Файл passport_blacklist_02032021.xlsx для сущности passport_blacklist загружен в stg.
2023-05-03 18:32:27.208530: INFO Файл terminals_02032021.xlsx для сущности terminals загружен в stg.
2023-05-03 18:32:30.181859: INFO Файл transactions_02032021.txt для сущности transactions загружен в stg.
2023-05-03 18:32:30.186496: INFO Файл passport_blacklist переименован и отправлен в архив.
2023-05-03 18:32:30.186556: INFO Файл terminals переименован и отправлен в архив.
2023-05-03 18:32:30.186589: INFO Файл transactions переименован и отправлен в архив.
2023-05-03 18:32:30.198016: INFO Данные из БД bank, таблица cards - загружены, начиная с 2001-01-02.
2023-05-03 18:32:30.231355: INFO Данные из БД bank, таблица cards - загружены в stg_del.
2023-05-03 18:32:30.233759: INFO Данные из БД bank, таблица accounts - загружены, начиная с 1900-01-02.
2023-05-03 18:32:30.246001: INFO Данные из БД bank, таблица accounts - загружены в stg_del.
2023-05-03 18:32:30.248154: INFO Данные из БД bank, таблица clients - загружены, начиная с 1900-01-02.
2023-05-03 18:32:30.256884: INFO Данные из БД bank, таблица clients - загружены в stg_del.
2023-05-03 18:32:30.267930: INFO Данные passport_blacklist загружены из stage в target.
2023-05-03 18:32:30.281568: INFO Данные transactions загружены из stage в target.
2023-05-03 18:32:30.311980: INFO Данные terminals загружены из stage в target.
2023-05-03 18:32:30.312675: ERROR Загрузка cards пропущена - отсутствуют данные.
2023-05-03 18:32:30.313340: ERROR Загрузка accounts пропущена - отсутствуют данные.
2023-05-03 18:32:30.314500: ERROR Загрузка clients пропущена - отсутствуют данные.
2023-05-03 18:32:30.322410: INFO Для сущности passport_blacklist мета-данные обновлены.
2023-05-03 18:32:30.326184: INFO Для сущности terminals мета-данные обновлены.
2023-05-03 18:32:30.336917: INFO Для сущности transactions мета-данные обновлены.
2023-05-03 18:32:30.338263: WARNING Мета-данные для cards не обновлены, т.к. stage пустой.
2023-05-03 18:32:30.344013: WARNING Мета-данные для accounts не обновлены, т.к. stage пустой.
2023-05-03 18:32:30.348054: WARNING Мета-данные для clients не обновлены, т.к. stage пустой.
2023-05-03 18:32:30.372465: INFO В отчет добавлены мошеннические операции типа "1" за 02.03.2021.
2023-05-03 18:32:30.382609: INFO В отчет добавлены мошеннические операции типа "2" за 02.03.2021.
2023-05-03 18:32:30.447201: INFO В отчет добавлены мошеннические операции типа "3" за 02.03.2021.
2023-05-03 18:32:30.534227: INFO В отчет добавлены мошеннические операции типа "4" за 02.03.2021.
2023-05-03 18:32:30.538947: END Выполнение скрипта закончено.
2023-05-03 18:32:53.159455: START Выполнение скрипта запущено.
2023-05-03 18:32:53.186762: INFO Найдено файлов: 3 из 3.
2023-05-03 18:32:53.294632: INFO Файл passport_blacklist_03032021.xlsx для сущности passport_blacklist загружен в stg.
2023-05-03 18:32:53.344822: INFO Файл terminals_03032021.xlsx для сущности terminals загружен в stg.
2023-05-03 18:32:56.550290: INFO Файл transactions_03032021.txt для сущности transactions загружен в stg.
2023-05-03 18:32:56.553426: INFO Файл passport_blacklist переименован и отправлен в архив.
2023-05-03 18:32:56.553475: INFO Файл terminals переименован и отправлен в архив.
2023-05-03 18:32:56.553506: INFO Файл transactions переименован и отправлен в архив.
2023-05-03 18:32:56.561127: INFO Данные из БД bank, таблица cards - загружены, начиная с 2001-01-02.
2023-05-03 18:32:56.594806: INFO Данные из БД bank, таблица cards - загружены в stg_del.
2023-05-03 18:32:56.597135: INFO Данные из БД bank, таблица accounts - загружены, начиная с 1900-01-02.
2023-05-03 18:32:56.610573: INFO Данные из БД bank, таблица accounts - загружены в stg_del.
2023-05-03 18:32:56.612862: INFO Данные из БД bank, таблица clients - загружены, начиная с 1900-01-02.
2023-05-03 18:32:56.622709: INFO Данные из БД bank, таблица clients - загружены в stg_del.
2023-05-03 18:32:56.625414: INFO Данные passport_blacklist загружены из stage в target.
2023-05-03 18:32:56.639468: INFO Данные transactions загружены из stage в target.
2023-05-03 18:32:56.661337: INFO Данные terminals загружены из stage в target.
2023-05-03 18:32:56.662016: ERROR Загрузка cards пропущена - отсутствуют данные.
2023-05-03 18:32:56.662697: ERROR Загрузка accounts пропущена - отсутствуют данные.
2023-05-03 18:32:56.663529: ERROR Загрузка clients пропущена - отсутствуют данные.
2023-05-03 18:32:56.665826: INFO Для сущности passport_blacklist мета-данные обновлены.
2023-05-03 18:32:56.667778: INFO Для сущности terminals мета-данные обновлены.
2023-05-03 18:32:56.674475: INFO Для сущности transactions мета-данные обновлены.
2023-05-03 18:32:56.675533: WARNING Мета-данные для cards не обновлены, т.к. stage пустой.
2023-05-03 18:32:56.677854: WARNING Мета-данные для accounts не обновлены, т.к. stage пустой.
2023-05-03 18:32:56.680205: WARNING Мета-данные для clients не обновлены, т.к. stage пустой.
2023-05-03 18:32:56.699908: INFO В отчет добавлены мошеннические операции типа "1" за 03.03.2021.
2023-05-03 18:32:56.712497: INFO В отчет добавлены мошеннические операции типа "2" за 03.03.2021.
2023-05-03 18:32:56.817473: INFO В отчет добавлены мошеннические операции типа "3" за 03.03.2021.
2023-05-03 18:32:56.958799: INFO В отчет добавлены мошеннические операции типа "4" за 03.03.2021.
2023-05-03 18:32:56.961116: END Выполнение скрипта закончено.
2023-05-03 18:34:59.342013: START Выполнение скрипта запущено.
2023-05-03 18:34:59.372238: INFO Найдено файлов: 0 из 3.
2023-05-03 18:34:59.372341: ERROR Файл для сущности passport_blacklist отсутствует и не обработан.
2023-05-03 18:34:59.372371: ERROR Файл для сущности terminals отсутствует и не обработан.
2023-05-03 18:34:59.372398: ERROR Файл для сущности transactions отсутствует и не обработан.
2023-05-03 18:34:59.381666: INFO Данные из БД bank, таблица cards - загружены, начиная с 2001-01-02.
2023-05-03 18:34:59.421883: INFO Данные из БД bank, таблица cards - загружены в stg_del.
2023-05-03 18:34:59.424394: INFO Данные из БД bank, таблица accounts - загружены, начиная с 1900-01-02.
2023-05-03 18:34:59.440943: INFO Данные из БД bank, таблица accounts - загружены в stg_del.
2023-05-03 18:34:59.443775: INFO Данные из БД bank, таблица clients - загружены, начиная с 1900-01-02.
2023-05-03 18:34:59.453938: INFO Данные из БД bank, таблица clients - загружены в stg_del.
2023-05-03 18:34:59.458040: ERROR Загрузка terminals пропущена - отсутствуют данные.
2023-05-03 18:34:59.459380: ERROR Загрузка cards пропущена - отсутствуют данные.
2023-05-03 18:34:59.460234: ERROR Загрузка accounts пропущена - отсутствуют данные.
2023-05-03 18:34:59.461357: ERROR Загрузка clients пропущена - отсутствуют данные.
2023-05-03 18:34:59.462779: WARNING Мета-данные для cards не обновлены, т.к. stage пустой.
2023-05-03 18:34:59.464974: WARNING Мета-данные для accounts не обновлены, т.к. stage пустой.
2023-05-03 18:34:59.467151: WARNING Мета-данные для clients не обновлены, т.к. stage пустой.
2023-05-03 18:34:59.469817: WARNING Генерирование отчета по мошенническим операциям пропущено.
2023-05-03 18:34:59.470300: END Выполнение скрипта закончено.
2023-05-07 15:44:45.643166: START Выполнение скрипта запущено.
2023-05-07 15:44:45.668981: INFO Найдено файлов: 3 из 3.
2023-05-07 15:44:45.768961: INFO Файл passport_blacklist_01032021.xlsx для сущности passport_blacklist загружен в stg.
2023-05-07 15:44:45.822785: INFO Файл terminals_01032021.xlsx для сущности terminals загружен в stg.
2023-05-07 15:44:49.057715: INFO Файл transactions_01032021.txt для сущности transactions загружен в stg.
2023-05-07 15:44:49.065070: INFO Файл passport_blacklist переименован и отправлен в архив.
2023-05-07 15:44:49.065122: INFO Файл terminals переименован и отправлен в архив.
2023-05-07 15:44:49.065156: INFO Файл transactions переименован и отправлен в архив.
2023-05-07 15:44:49.125184: INFO Данные из БД bank, таблица cards - загружены, начиная с 1899-01-02.
2023-05-07 15:44:49.163099: INFO Данные из БД bank, таблица cards - загружены в stg_del.
2023-05-07 15:44:49.181492: INFO Данные из БД bank, таблица accounts - загружены, начиная с 1899-01-02.
2023-05-07 15:44:49.194736: INFO Данные из БД bank, таблица accounts - загружены в stg_del.
2023-05-07 15:44:49.209219: INFO Данные из БД bank, таблица clients - загружены, начиная с 1899-01-02.
2023-05-07 15:44:49.218310: INFO Данные из БД bank, таблица clients - загружены в stg_del.
2023-05-07 15:44:49.224171: INFO Данные passport_blacklist загружены из stage в target.
2023-05-07 15:44:49.239392: INFO Данные transactions загружены из stage в target.
2023-05-07 15:44:49.263444: INFO Данные terminals загружены из stage в target.
2023-05-07 15:44:49.273379: INFO Данные cards загружены из stage в target.
2023-05-07 15:44:49.281335: INFO Данные accounts загружены из stage в target.
2023-05-07 15:44:49.289486: INFO Данные clients загружены из stage в target.
2023-05-07 15:44:49.295900: INFO Для сущности passport_blacklist мета-данные обновлены.
2023-05-07 15:44:49.300797: INFO Для сущности terminals мета-данные обновлены.
2023-05-07 15:44:49.305997: INFO Для сущности transactions мета-данные обновлены.
2023-05-07 15:44:49.307060: INFO Для сущности cards мета-данные обновлены.
2023-05-07 15:44:49.309115: INFO Для сущности accounts мета-данные обновлены.
2023-05-07 15:44:49.318145: INFO Для сущности clients мета-данные обновлены.
2023-05-07 15:44:49.339466: INFO В отчет добавлены мошеннические операции типа "1" за 01.03.2021.
2023-05-07 15:44:49.349304: INFO В отчет добавлены мошеннические операции типа "2" за 01.03.2021.
2023-05-07 15:44:49.382211: INFO В отчет добавлены мошеннические операции типа "3" за 01.03.2021.
2023-05-07 15:44:49.423788: INFO В отчет добавлены мошеннические операции типа "4" за 01.03.2021.
2023-05-07 15:44:49.425997: END Выполнение скрипта закончено.
2023-05-07 15:45:35.439592: START Выполнение скрипта запущено.
2023-05-07 15:45:35.464283: INFO Найдено файлов: 3 из 3.
2023-05-07 15:45:35.565425: INFO Файл passport_blacklist_02032021.xlsx для сущности passport_blacklist загружен в stg.
2023-05-07 15:45:35.608155: INFO Файл terminals_02032021.xlsx для сущности terminals загружен в stg.
2023-05-07 15:45:38.532269: INFO Файл transactions_02032021.txt для сущности transactions загружен в stg.
2023-05-07 15:45:38.536727: INFO Файл passport_blacklist переименован и отправлен в архив.
2023-05-07 15:45:38.536786: INFO Файл terminals переименован и отправлен в архив.
2023-05-07 15:45:38.536821: INFO Файл transactions переименован и отправлен в архив.
2023-05-07 15:45:38.545749: INFO Данные из БД bank, таблица cards - загружены, начиная с 2001-01-02.
2023-05-07 15:45:38.575256: INFO Данные из БД bank, таблица cards - загружены в stg_del.
2023-05-07 15:45:38.577214: INFO Данные из БД bank, таблица accounts - загружены, начиная с 1900-01-02.
2023-05-07 15:45:38.588541: INFO Данные из БД bank, таблица accounts - загружены в stg_del.
2023-05-07 15:45:38.590960: INFO Данные из БД bank, таблица clients - загружены, начиная с 1900-01-02.
2023-05-07 15:45:38.598587: INFO Данные из БД bank, таблица clients - загружены в stg_del.
2023-05-07 15:45:38.603248: INFO Данные passport_blacklist загружены из stage в target.
2023-05-07 15:45:38.617048: INFO Данные transactions загружены из stage в target.
2023-05-07 15:45:38.636642: INFO Данные terminals загружены из stage в target.
2023-05-07 15:45:38.637575: ERROR Загрузка cards пропущена - отсутствуют данные.
2023-05-07 15:45:38.638278: ERROR Загрузка accounts пропущена - отсутствуют данные.
2023-05-07 15:45:38.638970: ERROR Загрузка clients пропущена - отсутствуют данные.
2023-05-07 15:45:38.641530: INFO Для сущности passport_blacklist мета-данные обновлены.
2023-05-07 15:45:38.643808: INFO Для сущности terminals мета-данные обновлены.
2023-05-07 15:45:38.649064: INFO Для сущности transactions мета-данные обновлены.
2023-05-07 15:45:38.650196: WARNING Мета-данные для cards не обновлены, т.к. stage пустой.
2023-05-07 15:45:38.652197: WARNING Мета-данные для accounts не обновлены, т.к. stage пустой.
2023-05-07 15:45:38.655942: WARNING Мета-данные для clients не обновлены, т.к. stage пустой.
2023-05-07 15:45:38.674849: INFO В отчет добавлены мошеннические операции типа "1" за 02.03.2021.
2023-05-07 15:45:38.685234: INFO В отчет добавлены мошеннические операции типа "2" за 02.03.2021.
2023-05-07 15:45:38.749344: INFO В отчет добавлены мошеннические операции типа "3" за 02.03.2021.
2023-05-07 15:45:38.831460: INFO В отчет добавлены мошеннические операции типа "4" за 02.03.2021.
2023-05-07 15:45:38.833741: END Выполнение скрипта закончено.
2023-05-07 15:46:14.610757: START Выполнение скрипта запущено.
2023-05-07 15:46:14.637932: INFO Найдено файлов: 3 из 3.
2023-05-07 15:46:14.737443: INFO Файл passport_blacklist_03032021.xlsx для сущности passport_blacklist загружен в stg.
2023-05-07 15:46:14.788057: INFO Файл terminals_03032021.xlsx для сущности terminals загружен в stg.
2023-05-07 15:46:17.944111: INFO Файл transactions_03032021.txt для сущности transactions загружен в stg.
2023-05-07 15:46:17.948026: INFO Файл passport_blacklist переименован и отправлен в архив.
2023-05-07 15:46:17.948094: INFO Файл terminals переименован и отправлен в архив.
2023-05-07 15:46:17.948130: INFO Файл transactions переименован и отправлен в архив.
2023-05-07 15:46:17.956260: INFO Данные из БД bank, таблица cards - загружены, начиная с 2001-01-02.
2023-05-07 15:46:17.992709: INFO Данные из БД bank, таблица cards - загружены в stg_del.
2023-05-07 15:46:17.995210: INFO Данные из БД bank, таблица accounts - загружены, начиная с 1900-01-02.
2023-05-07 15:46:18.011475: INFO Данные из БД bank, таблица accounts - загружены в stg_del.
2023-05-07 15:46:18.013832: INFO Данные из БД bank, таблица clients - загружены, начиная с 1900-01-02.
2023-05-07 15:46:18.025210: INFO Данные из БД bank, таблица clients - загружены в stg_del.
2023-05-07 15:46:18.036239: INFO Данные passport_blacklist загружены из stage в target.
2023-05-07 15:46:18.049955: INFO Данные transactions загружены из stage в target.
2023-05-07 15:46:18.069572: INFO Данные terminals загружены из stage в target.
2023-05-07 15:46:18.070380: ERROR Загрузка cards пропущена - отсутствуют данные.
2023-05-07 15:46:18.072229: ERROR Загрузка accounts пропущена - отсутствуют данные.
2023-05-07 15:46:18.073224: ERROR Загрузка clients пропущена - отсутствуют данные.
2023-05-07 15:46:18.076275: INFO Для сущности passport_blacklist мета-данные обновлены.
2023-05-07 15:46:18.078465: INFO Для сущности terminals мета-данные обновлены.
2023-05-07 15:46:18.083438: INFO Для сущности transactions мета-данные обновлены.
2023-05-07 15:46:18.084723: WARNING Мета-данные для cards не обновлены, т.к. stage пустой.
2023-05-07 15:46:18.086736: WARNING Мета-данные для accounts не обновлены, т.к. stage пустой.
2023-05-07 15:46:18.089482: WARNING Мета-данные для clients не обновлены, т.к. stage пустой.
2023-05-07 15:46:18.110683: INFO В отчет добавлены мошеннические операции типа "1" за 03.03.2021.
2023-05-07 15:46:18.123752: INFO В отчет добавлены мошеннические операции типа "2" за 03.03.2021.
2023-05-07 15:46:18.229494: INFO В отчет добавлены мошеннические операции типа "3" за 03.03.2021.
2023-05-07 15:46:18.365876: INFO В отчет добавлены мошеннические операции типа "4" за 03.03.2021.
2023-05-07 15:46:18.368116: END Выполнение скрипта закончено.
2023-05-07 15:48:08.954728: START Выполнение скрипта запущено.
2023-05-07 15:48:08.983235: INFO Найдено файлов: 0 из 3.
2023-05-07 15:48:08.983322: ERROR Файл для сущности passport_blacklist отсутствует и не обработан.
2023-05-07 15:48:08.983362: ERROR Файл для сущности terminals отсутствует и не обработан.
2023-05-07 15:48:08.983378: ERROR Файл для сущности transactions отсутствует и не обработан.
2023-05-07 15:48:08.992227: INFO Данные из БД bank, таблица cards - загружены, начиная с 2001-01-02.
2023-05-07 15:48:09.023896: INFO Данные из БД bank, таблица cards - загружены в stg_del.
2023-05-07 15:48:09.025716: INFO Данные из БД bank, таблица accounts - загружены, начиная с 1900-01-02.
2023-05-07 15:48:09.041401: INFO Данные из БД bank, таблица accounts - загружены в stg_del.
2023-05-07 15:48:09.043862: INFO Данные из БД bank, таблица clients - загружены, начиная с 1900-01-02.
2023-05-07 15:48:09.052018: INFO Данные из БД bank, таблица clients - загружены в stg_del.
2023-05-07 15:48:09.056050: ERROR Загрузка terminals пропущена - отсутствуют данные.
2023-05-07 15:48:09.057203: ERROR Загрузка cards пропущена - отсутствуют данные.
2023-05-07 15:48:09.057978: ERROR Загрузка accounts пропущена - отсутствуют данные.
2023-05-07 15:48:09.059397: ERROR Загрузка clients пропущена - отсутствуют данные.
2023-05-07 15:48:09.061160: WARNING Мета-данные для cards не обновлены, т.к. stage пустой.
2023-05-07 15:48:09.063343: WARNING Мета-данные для accounts не обновлены, т.к. stage пустой.
2023-05-07 15:48:09.065819: WARNING Мета-данные для clients не обновлены, т.к. stage пустой.
2023-05-07 15:48:09.068655: WARNING Генерирование отчета по мошенническим операциям пропущено.
2023-05-07 15:48:09.069043: END Выполнение скрипта закончено.
